[2020-07-07 10:04:35.912] [tartedMain] [ERROR] [o.s.boot.SpringApplication          :837 ] : Application run failed
java.lang.IllegalStateException: Logback configuration error detected: 
ERROR in ch.qos.logback.core.joran.action.NestedComplexPropertyIA - Could not create component [filter] of type [com.yaomy.log.filter.EnhanceLevelFilter] java.lang.ClassNotFoundException: com.yaomy.log.filter.EnhanceLevelFilter
ERROR in ch.qos.logback.core.joran.spi.Interpreter@51:20 - no applicable action for [level], current ElementPath  is [[configuration][appender][filter][level]]
ERROR in ch.qos.logback.core.joran.spi.Interpreter@52:22 - no applicable action for [onMatch], current ElementPath  is [[configuration][appender][filter][onMatch]]
ERROR in ch.qos.logback.core.joran.spi.Interpreter@53:25 - no applicable action for [onMismatch], current ElementPath  is [[configuration][appender][filter][onMismatch]]
	at org.springframework.boot.logging.logback.LogbackLoggingSystem.loadConfiguration(LogbackLoggingSystem.java:169)
	at org.springframework.boot.logging.AbstractLoggingSystem.initializeWithConventions(AbstractLoggingSystem.java:80)
	at org.springframework.boot.logging.AbstractLoggingSystem.initialize(AbstractLoggingSystem.java:60)
	at org.springframework.boot.logging.logback.LogbackLoggingSystem.initialize(LogbackLoggingSystem.java:118)
	at org.springframework.boot.context.logging.LoggingApplicationListener.initializeSystem(LoggingApplicationListener.java:306)
	at org.springframework.boot.context.logging.LoggingApplicationListener.initialize(LoggingApplicationListener.java:281)
	at org.springframework.boot.context.logging.LoggingApplicationListener.onApplicationEnvironmentPreparedEvent(LoggingApplicationListener.java:239)
	at org.springframework.boot.context.logging.LoggingApplicationListener.onApplicationEvent(LoggingApplicationListener.java:216)
	at org.springframework.context.event.SimpleApplicationEventMulticaster.doInvokeListener(SimpleApplicationEventMulticaster.java:172)
	at org.springframework.context.event.SimpleApplicationEventMulticaster.invokeListener(SimpleApplicationEventMulticaster.java:165)
	at org.springframework.context.event.SimpleApplicationEventMulticaster.multicastEvent(SimpleApplicationEventMulticaster.java:139)
	at org.springframework.context.event.SimpleApplicationEventMulticaster.multicastEvent(SimpleApplicationEventMulticaster.java:127)
	at org.springframework.boot.context.event.EventPublishingRunListener.environmentPrepared(EventPublishingRunListener.java:80)
	at org.springframework.boot.SpringApplicationRunListeners.environmentPrepared(SpringApplicationRunListeners.java:53)
	at org.springframework.boot.SpringApplication.prepareEnvironment(SpringApplication.java:345)
	at org.springframework.boot.SpringApplication.run(SpringApplication.java:308)
	at com.kcc.App2.main(App2.java:55)
	at sun.reflect.NativeMethodAccessorImpl.invoke0(Native Method)
	at sun.reflect.NativeMethodAccessorImpl.invoke(NativeMethodAccessorImpl.java:62)
	at sun.reflect.DelegatingMethodAccessorImpl.invoke(DelegatingMethodAccessorImpl.java:43)
	at java.lang.reflect.Method.invoke(Method.java:498)
	at org.springframework.boot.devtools.restart.RestartLauncher.run(RestartLauncher.java:49)
[2020-07-07 10:04:56.139] [tartedMain] [ERROR] [o.s.boot.SpringApplication          :837 ] : Application run failed
java.lang.IllegalStateException: Logback configuration error detected: 
ERROR in ch.qos.logback.core.joran.action.NestedComplexPropertyIA - Could not create component [filter] of type [com.yaomy.log.filter.EnhanceLevelFilter] java.lang.ClassNotFoundException: com.yaomy.log.filter.EnhanceLevelFilter
ERROR in ch.qos.logback.core.joran.spi.Interpreter@50:20 - no applicable action for [level], current ElementPath  is [[configuration][appender][filter][level]]
ERROR in ch.qos.logback.core.joran.spi.Interpreter@51:22 - no applicable action for [onMatch], current ElementPath  is [[configuration][appender][filter][onMatch]]
ERROR in ch.qos.logback.core.joran.spi.Interpreter@52:25 - no applicable action for [onMismatch], current ElementPath  is [[configuration][appender][filter][onMismatch]]
	at org.springframework.boot.logging.logback.LogbackLoggingSystem.loadConfiguration(LogbackLoggingSystem.java:169)
	at org.springframework.boot.logging.AbstractLoggingSystem.initializeWithConventions(AbstractLoggingSystem.java:80)
	at org.springframework.boot.logging.AbstractLoggingSystem.initialize(AbstractLoggingSystem.java:60)
	at org.springframework.boot.logging.logback.LogbackLoggingSystem.initialize(LogbackLoggingSystem.java:118)
	at org.springframework.boot.context.logging.LoggingApplicationListener.initializeSystem(LoggingApplicationListener.java:306)
	at org.springframework.boot.context.logging.LoggingApplicationListener.initialize(LoggingApplicationListener.java:281)
	at org.springframework.boot.context.logging.LoggingApplicationListener.onApplicationEnvironmentPreparedEvent(LoggingApplicationListener.java:239)
	at org.springframework.boot.context.logging.LoggingApplicationListener.onApplicationEvent(LoggingApplicationListener.java:216)
	at org.springframework.context.event.SimpleApplicationEventMulticaster.doInvokeListener(SimpleApplicationEventMulticaster.java:172)
	at org.springframework.context.event.SimpleApplicationEventMulticaster.invokeListener(SimpleApplicationEventMulticaster.java:165)
	at org.springframework.context.event.SimpleApplicationEventMulticaster.multicastEvent(SimpleApplicationEventMulticaster.java:139)
	at org.springframework.context.event.SimpleApplicationEventMulticaster.multicastEvent(SimpleApplicationEventMulticaster.java:127)
	at org.springframework.boot.context.event.EventPublishingRunListener.environmentPrepared(EventPublishingRunListener.java:80)
	at org.springframework.boot.SpringApplicationRunListeners.environmentPrepared(SpringApplicationRunListeners.java:53)
	at org.springframework.boot.SpringApplication.prepareEnvironment(SpringApplication.java:345)
	at org.springframework.boot.SpringApplication.run(SpringApplication.java:308)
	at com.kcc.App2.main(App2.java:55)
	at sun.reflect.NativeMethodAccessorImpl.invoke0(Native Method)
	at sun.reflect.NativeMethodAccessorImpl.invoke(NativeMethodAccessorImpl.java:62)
	at sun.reflect.DelegatingMethodAccessorImpl.invoke(DelegatingMethodAccessorImpl.java:43)
	at java.lang.reflect.Method.invoke(Method.java:498)
	at org.springframework.boot.devtools.restart.RestartLauncher.run(RestartLauncher.java:49)
[2020-07-07 10:06:43.969] [tartedMain] [ERROR] [o.s.boot.SpringApplication          :837 ] : Application run failed
java.lang.IllegalStateException: Logback configuration error detected: 
ERROR in ch.qos.logback.core.joran.action.NestedComplexPropertyIA - Could not create component [filter] of type [com.yaomy.log.filter.EnhanceLevelFilter] java.lang.ClassNotFoundException: com.yaomy.log.filter.EnhanceLevelFilter
ERROR in ch.qos.logback.core.joran.spi.Interpreter@50:20 - no applicable action for [level], current ElementPath  is [[configuration][appender][filter][level]]
ERROR in ch.qos.logback.core.joran.spi.Interpreter@51:22 - no applicable action for [onMatch], current ElementPath  is [[configuration][appender][filter][onMatch]]
ERROR in ch.qos.logback.core.joran.spi.Interpreter@52:25 - no applicable action for [onMismatch], current ElementPath  is [[configuration][appender][filter][onMismatch]]
ERROR in ch.qos.logback.core.joran.action.NestedComplexPropertyIA - Could not create component [filter] of type [com.yaomy.log.filter.EnhanceLevelFilter] java.lang.ClassNotFoundException: com.yaomy.log.filter.EnhanceLevelFilter
ERROR in ch.qos.logback.core.joran.spi.Interpreter@50:20 - no applicable action for [level], current ElementPath  is [[configuration][appender][filter][level]]
ERROR in ch.qos.logback.core.joran.spi.Interpreter@51:22 - no applicable action for [onMatch], current ElementPath  is [[configuration][appender][filter][onMatch]]
ERROR in ch.qos.logback.core.joran.spi.Interpreter@52:25 - no applicable action for [onMismatch], current ElementPath  is [[configuration][appender][filter][onMismatch]]
	at org.springframework.boot.logging.logback.LogbackLoggingSystem.loadConfiguration(LogbackLoggingSystem.java:169)
	at org.springframework.boot.logging.AbstractLoggingSystem.initializeWithConventions(AbstractLoggingSystem.java:80)
	at org.springframework.boot.logging.AbstractLoggingSystem.initialize(AbstractLoggingSystem.java:60)
	at org.springframework.boot.logging.logback.LogbackLoggingSystem.initialize(LogbackLoggingSystem.java:118)
	at org.springframework.boot.context.logging.LoggingApplicationListener.initializeSystem(LoggingApplicationListener.java:306)
	at org.springframework.boot.context.logging.LoggingApplicationListener.initialize(LoggingApplicationListener.java:281)
	at org.springframework.boot.context.logging.LoggingApplicationListener.onApplicationEnvironmentPreparedEvent(LoggingApplicationListener.java:239)
	at org.springframework.boot.context.logging.LoggingApplicationListener.onApplicationEvent(LoggingApplicationListener.java:216)
	at org.springframework.context.event.SimpleApplicationEventMulticaster.doInvokeListener(SimpleApplicationEventMulticaster.java:172)
	at org.springframework.context.event.SimpleApplicationEventMulticaster.invokeListener(SimpleApplicationEventMulticaster.java:165)
	at org.springframework.context.event.SimpleApplicationEventMulticaster.multicastEvent(SimpleApplicationEventMulticaster.java:139)
	at org.springframework.context.event.SimpleApplicationEventMulticaster.multicastEvent(SimpleApplicationEventMulticaster.java:127)
	at org.springframework.boot.context.event.EventPublishingRunListener.environmentPrepared(EventPublishingRunListener.java:80)
	at org.springframework.boot.SpringApplicationRunListeners.environmentPrepared(SpringApplicationRunListeners.java:53)
	at org.springframework.boot.SpringApplication.prepareEnvironment(SpringApplication.java:345)
	at org.springframework.boot.SpringApplication.run(SpringApplication.java:308)
	at com.kcc.App2.main(App2.java:55)
	at sun.reflect.NativeMethodAccessorImpl.invoke0(Native Method)
	at sun.reflect.NativeMethodAccessorImpl.invoke(NativeMethodAccessorImpl.java:62)
	at sun.reflect.DelegatingMethodAccessorImpl.invoke(DelegatingMethodAccessorImpl.java:43)
	at java.lang.reflect.Method.invoke(Method.java:498)
	at org.springframework.boot.devtools.restart.RestartLauncher.run(RestartLauncher.java:49)
pattern_IS_UNDEFINEDjava.lang.IllegalStateException: Logback configuration error detected: 
ERROR in ch.qos.logback.core.joran.action.NestedComplexPropertyIA - Could not create component [filter] of type [com.yaomy.log.filter.EnhanceLevelFilter] java.lang.ClassNotFoundException: com.yaomy.log.filter.EnhanceLevelFilter
ERROR in ch.qos.logback.core.joran.spi.Interpreter@49:20 - no applicable action for [level], current ElementPath  is [[configuration][appender][filter][level]]
ERROR in ch.qos.logback.core.joran.spi.Interpreter@50:22 - no applicable action for [onMatch], current ElementPath  is [[configuration][appender][filter][onMatch]]
ERROR in ch.qos.logback.core.joran.spi.Interpreter@51:25 - no applicable action for [onMismatch], current ElementPath  is [[configuration][appender][filter][onMismatch]]
ERROR in ch.qos.logback.core.joran.action.NestedComplexPropertyIA - Could not create component [filter] of type [com.yaomy.log.filter.EnhanceLevelFilter] java.lang.ClassNotFoundException: com.yaomy.log.filter.EnhanceLevelFilter
ERROR in ch.qos.logback.core.joran.spi.Interpreter@49:20 - no applicable action for [level], current ElementPath  is [[configuration][appender][filter][level]]
ERROR in ch.qos.logback.core.joran.spi.Interpreter@50:22 - no applicable action for [onMatch], current ElementPath  is [[configuration][appender][filter][onMatch]]
ERROR in ch.qos.logback.core.joran.spi.Interpreter@51:25 - no applicable action for [onMismatch], current ElementPath  is [[configuration][appender][filter][onMismatch]]
	at org.springframework.boot.logging.logback.LogbackLoggingSystem.loadConfiguration(LogbackLoggingSystem.java:169)
	at org.springframework.boot.logging.AbstractLoggingSystem.initializeWithConventions(AbstractLoggingSystem.java:80)
	at org.springframework.boot.logging.AbstractLoggingSystem.initialize(AbstractLoggingSystem.java:60)
	at org.springframework.boot.logging.logback.LogbackLoggingSystem.initialize(LogbackLoggingSystem.java:118)
	at org.springframework.boot.context.logging.LoggingApplicationListener.initializeSystem(LoggingApplicationListener.java:306)
	at org.springframework.boot.context.logging.LoggingApplicationListener.initialize(LoggingApplicationListener.java:281)
	at org.springframework.boot.context.logging.LoggingApplicationListener.onApplicationEnvironmentPreparedEvent(LoggingApplicationListener.java:239)
	at org.springframework.boot.context.logging.LoggingApplicationListener.onApplicationEvent(LoggingApplicationListener.java:216)
	at org.springframework.context.event.SimpleApplicationEventMulticaster.doInvokeListener(SimpleApplicationEventMulticaster.java:172)
	at org.springframework.context.event.SimpleApplicationEventMulticaster.invokeListener(SimpleApplicationEventMulticaster.java:165)
	at org.springframework.context.event.SimpleApplicationEventMulticaster.multicastEvent(SimpleApplicationEventMulticaster.java:139)
	at org.springframework.context.event.SimpleApplicationEventMulticaster.multicastEvent(SimpleApplicationEventMulticaster.java:127)
	at org.springframework.boot.context.event.EventPublishingRunListener.environmentPrepared(EventPublishingRunListener.java:80)
	at org.springframework.boot.SpringApplicationRunListeners.environmentPrepared(SpringApplicationRunListeners.java:53)
	at org.springframework.boot.SpringApplication.prepareEnvironment(SpringApplication.java:345)
	at org.springframework.boot.SpringApplication.run(SpringApplication.java:308)
	at com.kcc.App2.main(App2.java:55)
	at sun.reflect.NativeMethodAccessorImpl.invoke0(Native Method)
	at sun.reflect.NativeMethodAccessorImpl.invoke(NativeMethodAccessorImpl.java:62)
	at sun.reflect.DelegatingMethodAccessorImpl.invoke(DelegatingMethodAccessorImpl.java:43)
	at java.lang.reflect.Method.invoke(Method.java:498)
	at org.springframework.boot.devtools.restart.RestartLauncher.run(RestartLauncher.java:49)
